<?xml version="1.0" encoding="UTF-8"?>
<!-- Generated by org.testng.reporters.JUnitReportReporter -->
<testsuite hostname="DESKTOP-L48FLDT" failures="0" tests="1" name="com.sample.pagefactory.api.API_Get_Headers_JSONPath" time="5.313" errors="0" timestamp="2025-05-21T16:29:16 IST" skipped="0">
  <testcase classname="com.sample.pagefactory.api.API_Get_Headers_JSONPath" name="testResponsecode" time="5.313"/>
  <system-out/>
</testsuite> <!-- com.sample.pagefactory.api.API_Get_Headers_JSONPath -->
