<?xml version="1.0" encoding="UTF-8"?>
<!-- Generated by org.testng.reporters.JUnitReportReporter -->
<testsuite hostname="DESKTOP-L48FLDT" failures="0" tests="1" name="com.sample.pagefactory.tests.LoginTest" time="1.119" errors="0" timestamp="2025-05-08T20:40:50 IST" skipped="0">
  <testcase classname="com.sample.pagefactory.tests.LoginTest" name="testLogin" time="1.119"/>
  <system-out>
    <![CDATA[Entered user name
Entered password
Click on Login button
Page title verified successfully]]>
  </system-out>
</testsuite> <!-- com.sample.pagefactory.tests.LoginTest -->
