<?xml version="1.0" encoding="UTF-8"?>
<testng-results ignored="0" total="2" passed="2" failed="0" skipped="0">
  <reporter-output>
  </reporter-output>
  <suite started-at="2025-05-11T12:27:37 IST" name="Default suite" finished-at="2025-05-11T12:27:37 IST" duration-ms="218">
    <groups>
    </groups>
    <test started-at="2025-05-11T12:27:37 IST" name="Default test" finished-at="2025-05-11T12:27:37 IST" duration-ms="218">
      <class name="com.sample.programs.AnnotationsExample">
        <test-method is-config="true" signature="beforeSuite()[pri:0, instance:com.sample.programs.AnnotationsExample@5fe94a96]" started-at="2025-05-11T12:27:37 IST" name="beforeSuite" finished-at="2025-05-11T12:27:37 IST" duration-ms="25" status="PASS">
          <reporter-output>
          </reporter-output>
        </test-method> <!-- beforeSuite -->
        <test-method is-config="true" signature="beforeTest()[pri:0, instance:com.sample.programs.AnnotationsExample@5fe94a96]" started-at="2025-05-11T12:27:37 IST" name="beforeTest" finished-at="2025-05-11T12:27:37 IST" duration-ms="2" status="PASS">
          <reporter-output>
          </reporter-output>
        </test-method> <!-- beforeTest -->
        <test-method is-config="true" signature="beforeClass()[pri:0, instance:com.sample.programs.AnnotationsExample@5fe94a96]" started-at="2025-05-11T12:27:37 IST" name="beforeClass" finished-at="2025-05-11T12:27:37 IST" duration-ms="1" status="PASS">
          <reporter-output>
          </reporter-output>
        </test-method> <!-- beforeClass -->
        <test-method is-config="true" signature="beforeMethod()[pri:0, instance:com.sample.programs.AnnotationsExample@5fe94a96]" started-at="2025-05-11T12:27:37 IST" name="beforeMethod" finished-at="2025-05-11T12:27:37 IST" duration-ms="1" status="PASS">
          <reporter-output>
          </reporter-output>
        </test-method> <!-- beforeMethod -->
        <test-method signature="test1()[pri:0, instance:com.sample.programs.AnnotationsExample@5fe94a96]" started-at="2025-05-11T12:27:37 IST" name="test1" finished-at="2025-05-11T12:27:37 IST" duration-ms="51" status="PASS">
          <reporter-output>
          </reporter-output>
        </test-method> <!-- test1 -->
        <test-method is-config="true" signature="afterMethod()[pri:0, instance:com.sample.programs.AnnotationsExample@5fe94a96]" started-at="2025-05-11T12:27:37 IST" name="afterMethod" finished-at="2025-05-11T12:27:37 IST" duration-ms="6" status="PASS">
          <reporter-output>
          </reporter-output>
        </test-method> <!-- afterMethod -->
        <test-method is-config="true" signature="beforeMethod()[pri:0, instance:com.sample.programs.AnnotationsExample@5fe94a96]" started-at="2025-05-11T12:27:37 IST" name="beforeMethod" finished-at="2025-05-11T12:27:37 IST" duration-ms="4" status="PASS">
          <reporter-output>
          </reporter-output>
        </test-method> <!-- beforeMethod -->
        <test-method signature="test2()[pri:0, instance:com.sample.programs.AnnotationsExample@5fe94a96]" started-at="2025-05-11T12:27:37 IST" name="test2" finished-at="2025-05-11T12:27:37 IST" duration-ms="17" status="PASS">
          <reporter-output>
          </reporter-output>
        </test-method> <!-- test2 -->
        <test-method is-config="true" signature="afterMethod()[pri:0, instance:com.sample.programs.AnnotationsExample@5fe94a96]" started-at="2025-05-11T12:27:37 IST" name="afterMethod" finished-at="2025-05-11T12:27:37 IST" duration-ms="3" status="PASS">
          <reporter-output>
          </reporter-output>
        </test-method> <!-- afterMethod -->
        <test-method is-config="true" signature="afterClass()[pri:0, instance:com.sample.programs.AnnotationsExample@5fe94a96]" started-at="2025-05-11T12:27:37 IST" name="afterClass" finished-at="2025-05-11T12:27:37 IST" duration-ms="3" status="PASS">
          <reporter-output>
          </reporter-output>
        </test-method> <!-- afterClass -->
        <test-method is-config="true" signature="afterTest()[pri:0, instance:com.sample.programs.AnnotationsExample@5fe94a96]" started-at="2025-05-11T12:27:37 IST" name="afterTest" finished-at="2025-05-11T12:27:37 IST" duration-ms="1" status="PASS">
          <reporter-output>
          </reporter-output>
        </test-method> <!-- afterTest -->
        <test-method is-config="true" signature="afterSuite()[pri:0, instance:com.sample.programs.AnnotationsExample@5fe94a96]" started-at="2025-05-11T12:27:37 IST" name="afterSuite" finished-at="2025-05-11T12:27:37 IST" duration-ms="1" status="PASS">
          <reporter-output>
          </reporter-output>
        </test-method> <!-- afterSuite -->
      </class> <!-- com.sample.programs.AnnotationsExample -->
    </test> <!-- Default test -->
  </suite> <!-- Default suite -->
</testng-results>
