<?xml version="1.0" encoding="UTF-8"?>
<!-- Generated by org.testng.reporters.JUnitXMLReporter -->
<testsuite ignored="0" hostname="DESKTOP-L48FLDT" failures="0" tests="1" name="Test" time="0.065" errors="0" timestamp="2025-02-04T19:33:12 IST">
  <testcase classname="com.sample.project.pages.BaseClass" name="@BeforeSuite initializeDriver" time="0.011">
    <failure type="java.io.FileNotFoundException" message="D:\Eclipse\Workspace\xxSample Framework\src\main\java\resources\data.properties (The system cannot find the path specified)">
      <![CDATA[java.io.FileNotFoundException: D:\Eclipse\Workspace\xxSample Framework\src\main\java\resources\data.properties (The system cannot find the path specified)
at java.base/java.io.FileInputStream.open0(Native Method)
at java.base/java.io.FileInputStream.open(FileInputStream.java:213)
at java.base/java.io.FileInputStream.<init>(FileInputStream.java:152)
at java.base/java.io.FileInputStream.<init>(FileInputStream.java:106)
at com.sample.project.pages.BaseClass.initializeDriver(BaseClass.java:33)
... Removed 17 stack frames]]>
    </failure>
  </testcase> <!-- @BeforeSuite initializeDriver -->
  <testcase classname="com.sample.project.pages.BaseClass" name="@BeforeTest setUp" time="-1.738677792801E9">
    <skipped/>
  </testcase> <!-- @BeforeTest setUp -->
  <testcase classname="com.sample.project.pages.BaseClass" name="@AfterTest close" time="-1.738677792858E9">
    <skipped/>
  </testcase> <!-- @AfterTest close -->
  <testcase classname="com.sample.project.tests.GoogleSearch" name="googleSearch" time="0.0">
    <skipped/>
  </testcase> <!-- googleSearch -->
</testsuite> <!-- Test -->
