<?xml version="1.0" encoding="UTF-8"?>
<testng-results ignored="0" total="1" passed="1" failed="0" skipped="0">
  <reporter-output>
  </reporter-output>
  <suite started-at="2025-03-15T20:54:08 IST" name="Default suite" finished-at="2025-03-15T20:54:17 IST" duration-ms="8637">
    <groups>
    </groups>
    <test started-at="2025-03-15T20:54:08 IST" name="Default test" finished-at="2025-03-15T20:54:17 IST" duration-ms="8637">
      <class name="com.sample.pom.tests.LoginTest">
        <test-method is-config="true" signature="Setup()[pri:0, instance:com.sample.pom.tests.LoginTest@7ec7ffd3]" started-at="2025-03-15T20:54:08 IST" name="Setup" finished-at="2025-03-15T20:54:15 IST" duration-ms="6740" status="PASS">
          <reporter-output>
          </reporter-output>
        </test-method> <!-- Setup -->
        <test-method signature="testLogin()[pri:0, instance:com.sample.pom.tests.LoginTest@7ec7ffd3]" started-at="2025-03-15T20:54:15 IST" name="testLogin" finished-at="2025-03-15T20:54:16 IST" duration-ms="1581" status="PASS">
          <reporter-output>
          </reporter-output>
        </test-method> <!-- testLogin -->
        <test-method is-config="true" signature="Teardown()[pri:0, instance:com.sample.pom.tests.LoginTest@7ec7ffd3]" started-at="2025-03-15T20:54:16 IST" name="Teardown" finished-at="2025-03-15T20:54:17 IST" duration-ms="245" status="PASS">
          <reporter-output>
          </reporter-output>
        </test-method> <!-- Teardown -->
      </class> <!-- com.sample.pom.tests.LoginTest -->
    </test> <!-- Default test -->
  </suite> <!-- Default suite -->
</testng-results>
