<?xml version="1.0" encoding="UTF-8"?>
<testng-results ignored="0" total="1" passed="1" failed="0" skipped="0">
  <reporter-output>
  </reporter-output>
  <suite started-at="2025-06-20T17:55:43 IST" name="Default suite" finished-at="2025-06-20T17:55:50 IST" duration-ms="7167">
    <groups>
    </groups>
    <test started-at="2025-06-20T17:55:43 IST" name="Default test" finished-at="2025-06-20T17:55:50 IST" duration-ms="7167">
      <class name="com.sample.pagefactory.api.API_Get_JSONPath_QueryData">
        <test-method signature="ReadData()[pri:0, instance:com.sample.pagefactory.api.API_Get_JSONPath_QueryData@694abbdc]" started-at="2025-06-20T17:55:43 IST" name="ReadData" finished-at="2025-06-20T17:55:50 IST" duration-ms="7063" status="PASS">
          <reporter-output>
          </reporter-output>
        </test-method> <!-- ReadData -->
      </class> <!-- com.sample.pagefactory.api.API_Get_JSONPath_QueryData -->
    </test> <!-- Default test -->
  </suite> <!-- Default suite -->
</testng-results>
