<?xml version="1.0" encoding="UTF-8"?>
<!-- Generated by org.testng.reporters.JUnitXMLReporter -->
<testsuite ignored="0" hostname="DESKTOP-L48FLDT" failures="0" tests="1" name="Validate the Title of Home Page" time="0.125" errors="0" timestamp="2025-02-04T17:17:55 IST">
  <testcase classname="Academy.validateTitle" name="@BeforeTest initialize" time="0.015">
    <failure type="java.io.FileNotFoundException" message="C:\Users\Administrator\eclipse-workspace\E2EProject\src\main\java\resources\data.properties (The system cannot find the path specified)">
      <![CDATA[java.io.FileNotFoundException: C:\Users\Administrator\eclipse-workspace\E2EProject\src\main\java\resources\data.properties (The system cannot find the path specified)
at java.base/java.io.FileInputStream.open0(Native Method)
at java.base/java.io.FileInputStream.open(FileInputStream.java:213)
at java.base/java.io.FileInputStream.<init>(FileInputStream.java:152)
at java.base/java.io.FileInputStream.<init>(FileInputStream.java:106)
at pageObjects.base.initializeDriver(base.java:27)
at Academy.validateTitle.initialize(validateTitle.java:21)
... Removed 22 stack frames]]>
    </failure>
  </testcase> <!-- @BeforeTest initialize -->
  <testcase classname="Academy.validateTitle" name="@AfterTest teardown" time="-1.738669675006E9">
    <skipped/>
  </testcase> <!-- @AfterTest teardown -->
  <testcase classname="Academy.validateTitle" name="basePageNavigation" time="0.001">
    <skipped/>
  </testcase> <!-- basePageNavigation -->
</testsuite> <!-- Validate the Title of Home Page -->
