<?xml version="1.0" encoding="UTF-8"?>
<!-- Generated by org.testng.reporters.JUnitXMLReporter -->
<testsuite ignored="0" hostname="DESKTOP-L48FLDT" failures="0" tests="1" name="Test Chrome" time="1.133" errors="0" timestamp="2025-05-11T21:03:22 IST">
  <testcase classname="com.sample.pagefactory.base.BaseTest" name="@BeforeTest setup" time="0.974">
    <failure type="java.lang.NullPointerException" message="Cannot invoke &amp;quot;java.lang.reflect.Method.getName()&amp;quot; because &amp;quot;method&amp;quot; is null">
      <![CDATA[java.lang.NullPointerException: Cannot invoke "java.lang.reflect.Method.getName()" because "method" is null
at com.sample.pagefactory.base.BaseTest.setup(BaseTest.java:33)
at java.base/java.util.concurrent.FutureTask.run(FutureTask.java:317)
at java.base/java.util.concurrent.ThreadPoolExecutor.runWorker(ThreadPoolExecutor.java:1144)
at java.base/java.util.concurrent.ThreadPoolExecutor$Worker.run(ThreadPoolExecutor.java:642)
at java.base/java.lang.Thread.run(Thread.java:1583)
... Removed 13 stack frames]]>
    </failure>
  </testcase> <!-- @BeforeTest setup -->
  <testcase classname="com.sample.pagefactory.base.BaseTest" name="@BeforeTest setup" time="0.974">
    <failure type="java.lang.NullPointerException" message="Cannot invoke &amp;quot;java.lang.reflect.Method.getName()&amp;quot; because &amp;quot;method&amp;quot; is null">
      <![CDATA[java.lang.NullPointerException: Cannot invoke "java.lang.reflect.Method.getName()" because "method" is null
at com.sample.pagefactory.base.BaseTest.setup(BaseTest.java:33)
at java.base/java.util.concurrent.FutureTask.run(FutureTask.java:317)
at java.base/java.util.concurrent.ThreadPoolExecutor.runWorker(ThreadPoolExecutor.java:1144)
at java.base/java.util.concurrent.ThreadPoolExecutor$Worker.run(ThreadPoolExecutor.java:642)
at java.base/java.lang.Thread.run(Thread.java:1583)
... Removed 13 stack frames]]>
    </failure>
  </testcase> <!-- @BeforeTest setup -->
  <testcase classname="com.sample.pagefactory.base.BaseTest" name="@BeforeMethod launchURL" time="-1.746977602126E9">
    <skipped/>
  </testcase> <!-- @BeforeMethod launchURL -->
  <testcase classname="com.sample.pagefactory.base.BaseTest" name="@BeforeMethod launchURL" time="-1.746977602127E9">
    <skipped/>
  </testcase> <!-- @BeforeMethod launchURL -->
  <testcase classname="com.sample.pagefactory.tests.LoginTest_Properties" name="@AfterClass Teardown" time="-1.746977602144E9">
    <skipped/>
  </testcase> <!-- @AfterClass Teardown -->
  <testcase classname="com.sample.pagefactory.tests.LoginTest_Properties" name="@AfterClass Teardown" time="-1.746977602147E9">
    <skipped/>
  </testcase> <!-- @AfterClass Teardown -->
  <testcase classname="com.sample.pagefactory.tests.LoginTest_Properties" name="testLogin" time="0.0">
    <skipped/>
  </testcase> <!-- testLogin -->
</testsuite> <!-- Test Chrome -->
