<?xml version="1.0" encoding="UTF-8"?>
<!-- Generated by org.testng.reporters.JUnitReportReporter -->
<testsuite hostname="DESKTOP-L48FLDT" failures="0" tests="2" name="com.sample.programs.AnnotationsExample" time="0.082" errors="0" timestamp="2025-05-11T12:27:37 IST" skipped="0">
  <testcase classname="com.sample.programs.AnnotationsExample" name="test2" time="0.027"/>
  <testcase classname="com.sample.programs.AnnotationsExample" name="test1" time="0.055"/>
</testsuite> <!-- com.sample.programs.AnnotationsExample -->
